make all --print-data-base --no-builtin-variables --no-builtin-rules --question
# GNU Make 3.81
# Copyright (C) 2006  Free Software Foundation, Inc.
# This is free software; see the source for copying conditions.
# There is NO warranty; not even for MERCHANTABILITY or FITNESS FOR A
# PARTICULAR PURPOSE.

# This program built for i386-apple-darwin11.3.0

# Make data base, printed on Thu Sep  1 10:17:35 2022

# Variables

# automatic
<D = $(patsubst %/,%,$(dir $<))
# environment
RUBY_VERSION = 3.1.2
# automatic
?F = $(notdir $?)
# environment
ELECTRON_NO_ATTACH_CONSOLE = 1
# automatic
?D = $(patsubst %/,%,$(dir $?))
# automatic
@D = $(patsubst %/,%,$(dir $@))
# automatic
@F = $(notdir $@)
# makefile
CURDIR := /Users/rnapier/projects/rnapier.github.io
# makefile
SHELL = /bin/sh
# environment
VSCODE_NLS_CONFIG = {"locale":"en-us","availableLanguages":{},"_languagePackSupport":true}
# environment
_ = /usr/bin/make
# environment
__GIT_PROMPT_DIR = /Users/rnapier/.zsh-custom/zsh-git-prompt
# makefile
MAKEFILE_LIST := 
# environment
__CFBundleIdentifier = com.microsoft.VSCode
# environment
INFOPATH = /opt/homebrew/share/info:
# environment
VSCODE_CWD = /Users/rnapier/projects/rnapier.github.io
# environment
PATH = /Users/rnapier/.gem/ruby/3.1.2/bin:/Users/rnapier/.rubies/ruby-3.1.2/lib/ruby/gems/3.1.0/bin:/Users/rnapier/.rubies/ruby-3.1.2/bin:/Users/rnapier/.pyenv/shims:/opt/homebrew/Cellar/pyenv-virtualenv/1.1.5/shims:/opt/homebrew/bin:/opt/homebrew/sbin:/usr/local/bin:/usr/bin:/bin:/usr/sbin:/sbin:/Applications/VMware Fusion Tech Preview.app/Contents/Public:/Library/Apple/usr/bin:/Applications/Wireshark.app/Contents/MacOS:/Users/rnapier/.cargo/bin:/Users/rnapier/Library/Android/sdk/cmdline-tools/latest/bin:/Users/rnapier/Library/Android/sdk/emulator:/Users/rnapier/Library/Android/sdk/tools:/Users/rnapier/Library/Android/sdk/tools/bin:/Users/rnapier/Library/Android/sdk/platform-tools:/Users/rnapier/bin:/usr/local/sbin
# environment
LSCOLORS = Gxfxcxdxbxegedabagacad
# environment
LEDGER_DIR = /Users/rnapier/Ledger
# environment
RUBYOPT = 
# environment
LEDGER_PRICE_DB = /Users/rnapier/Ledger/pricedb
# environment
ELECTRON_RUN_AS_NODE = 1
# environment
ANDROID_HOME = /Users/rnapier/Library/Android/sdk
# default
.FEATURES := target-specific order-only second-expansion else-if archives jobserver check-symlink
# environment
SSH_AUTH_SOCK = /private/tmp/com.apple.launchd.V5RQe6DSbE/Listeners
# automatic
%F = $(notdir $%)
# environment
PWD = /Users/rnapier/projects/rnapier.github.io
# environment
HOMEBREW_CELLAR = /opt/homebrew/Cellar
# environment
GEM_HOME = /Users/rnapier/.gem/ruby/3.1.2
# environment
ORIGINAL_XDG_CURRENT_DESKTOP = undefined
# environment
MANPATH = /opt/homebrew/share/man::
# environment
VSCODE_AMD_ENTRYPOINT = vs/workbench/api/node/extensionHostProcess
# environment
PYENV_SHELL = zsh
# environment
HOME = /Users/rnapier
# default
MAKEFILEPATH := /Applications/Xcode-14.0.0-Beta.6.app/Contents/Developer/Makefiles
# environment
VSCODE_CLI = 1
# environment
VSCODE_CODE_CACHE_PATH = /Users/rnapier/Library/Application Support/Code/CachedData/e4503b30fc78200f846c62cf8091b76ff5547662
# environment
LOGNAME = rnapier
# environment
APPLICATION_INSIGHTS_NO_DIAGNOSTIC_CHANNEL = 1
# environment
ZSH = /Users/rnapier/.oh-my-zsh
# environment
VSCODE_HANDLES_UNCAUGHT_ERRORS = true
# automatic
^D = $(patsubst %/,%,$(dir $^))
# environment
GEM_PATH = /Users/rnapier/.gem/ruby/3.1.2:/Users/rnapier/.rubies/ruby-3.1.2/lib/ruby/gems/3.1.0
# environment
XPC_FLAGS = 0x0
# environment
COLORTERM = truecolor
# default
MAKE = $(MAKE_COMMAND)
# environment
LC_TERMINAL = iTerm2
# environment
SHLVL = 3
# environment
RUBY_ROOT = /Users/rnapier/.rubies/ruby-3.1.2
# default
MAKE_VERSION := 3.81
# environment
USER = rnapier
# makefile
.DEFAULT_GOAL := 
# environment
RUBY_ENGINE = ruby
# default
MAKECMDGOALS := all
# environment
TERM_SESSION_ID = w0t0p0:553C5DC9-6602-46F0-8EC5-A3F1349AB566
# environment
LESS = -FR
# automatic
%D = $(patsubst %/,%,$(dir $%))
# environment
HOMEBREW_NO_ENV_HINTS = 1
# default
MAKE_COMMAND := /Applications/Xcode-14.0.0-Beta.6.app/Contents/Developer/usr/bin/make
# environment
TERM_PROGRAM = iTerm.app
# default
.VARIABLES := 
# environment
TMPDIR = /var/folders/zs/gg0pzfwd0851ltpw5gjwl5gm0000gn/T/
# automatic
*F = $(notdir $*)
# environment
VSCODE_IPC_HOOK = /Users/rnapier/Library/Application Support/Code/1.70.2-main.sock
# environment
MallocNanoZone = 0
# makefile
MAKEFLAGS = Rrqp
# environment
MFLAGS = -Rrqp
# automatic
*D = $(patsubst %/,%,$(dir $*))
# environment
TERM_PROGRAM_VERSION = 3.4.16
# environment
XPC_SERVICE_NAME = application.com.microsoft.VSCode.90024529.90024535.5B28CDA0-2A88-4205-96DE-63FD276C25B1
# environment
LC_TERMINAL_VERSION = 3.4.16
# environment
HOMEBREW_PREFIX = /opt/homebrew
# automatic
+D = $(patsubst %/,%,$(dir $+))
# automatic
+F = $(notdir $+)
# environment
ITERM_SESSION_ID = w0t0p0:553C5DC9-6602-46F0-8EC5-A3F1349AB566
# environment
HOMEBREW_REPOSITORY = /opt/homebrew
# environment
COLORFGBG = 7;0
# environment
__CF_USER_TEXT_ENCODING = 0x1F5:0x0:0x0
# environment
COMMAND_MODE = unix2003
# default
MAKEFILES := 
# automatic
<F = $(notdir $<)
# environment
ITERM_PROFILE = Default
# environment
LEDGER_FILE = /Users/rnapier/Ledger/root.ledger
# environment
PAGER = less
# environment
LC_ALL = C
# automatic
^F = $(notdir $^)
# default
SUFFIXES := 
# environment
GEM_ROOT = /Users/rnapier/.rubies/ruby-3.1.2/lib/ruby/gems/3.1.0
# environment
PYENV_VIRTUALENV_INIT = 1
# default
.INCLUDE_DIRS = /usr/local/include
# environment
MAKELEVEL := 0
# environment
LANG = C
# environment
TERM = xterm-256color
# environment
VSCODE_PID = 76723
# variable set hash-table stats:
# Load=94/1024=9%, Rehash=0, Collisions=5/115=4%

# Pattern-specific Variable Values

# No pattern-specific variable values.

# Directories

# . (device 16777231, inode 6972566): 28 files, no impossibilities.

# 28 files, no impossibilities in 1 directories.

# Implicit Rules

# No implicit rules.

# Files

# Not a target:
all:
#  Command-line target.
#  Implicit rule search has been done.
#  File does not exist.
#  File has not been updated.
# variable set hash-table stats:
# Load=0/32=0%, Rehash=0, Collisions=0/0=0%

# Not a target:
.SUFFIXES:
#  Implicit rule search has not been done.
#  Modification time never checked.
#  File has not been updated.

# Not a target:
Makefile:
#  A default, MAKEFILES, or -include/sinclude makefile.
#  Implicit rule search has been done.
#  File does not exist.
#  File has been updated.
#  Failed to be updated.
# variable set hash-table stats:
# Load=0/32=0%, Rehash=0, Collisions=0/0=0%

# Not a target:
makefile:
#  A default, MAKEFILES, or -include/sinclude makefile.
#  Implicit rule search has been done.
#  File does not exist.
#  File has been updated.
#  Failed to be updated.
# variable set hash-table stats:
# Load=0/32=0%, Rehash=0, Collisions=0/0=0%

# Not a target:
.DEFAULT:
#  Implicit rule search has not been done.
#  Modification time never checked.
#  File has not been updated.

# Not a target:
GNUmakefile:
#  A default, MAKEFILES, or -include/sinclude makefile.
#  Implicit rule search has been done.
#  File does not exist.
#  File has been updated.
#  Failed to be updated.
# variable set hash-table stats:
# Load=0/32=0%, Rehash=0, Collisions=0/0=0%

# files hash-table stats:
# Load=6/1024=1%, Rehash=0, Collisions=0/17=0%
# VPATH Search Paths

# No `vpath' search paths.

# No general (`VPATH' variable) search path.

# # of strings in strcache: 0
# # of strcache buffers: 0
# strcache size: total = 0 / max = 0 / min = 4096 / avg = 0
# strcache free: total = 0 / max = 0 / min = 4096 / avg = 0

# Finished Make data base on Thu Sep  1 10:17:35 2022

 
make: *** No rule to make target `all'.  Stop.

